1599636882895:getRole admin
1599636906080:getRole "admin"
1599636941300:getRole
1599636973220:getRole '\n\n\n\n'
1599637099169:getRole admin
1599637263237:stackrtace
1599637275523:stacktrace
1599637420618:role
1599637427231:role admin
1599637562701:stacktrace
1599639284796:role admin
1599639291705:stacktrace
1599639821352:role admin
1599639829892:stacktrace
1599639984594:role admin
1599640461968:stacktrace
1599641142306:role admin
1599642012133:stacktrace
1599644903044:role admin
1599644916325:stacktrace
1599645172601:role admin
1599645178854:stacktrace
1599645260546:role admin
1599645293153:stacktrace
1599646052390:role admin
1599646060289:stacktrace
1599646347457:role admin
1599647620022:start
1599647855549:role admin
1599648280623:stacktrace
1599648742368:role admin
1599648757823:role --name admin
1599648767867:stacktrace
1599649163546:role ADMIN
1599650270121:role admin
1599650280302:stacktrace
1599651126570:role admin
1599651137060:stacktrace
1599652032217:role admin
1599652557596:start
1599728336385:test 2 3
1599728341988:role admin
1599728523112:stacktrace
